E:\Work\dotNET\Application sample, Real-Time Data Editing\C#\Rtde.AspNetCore1.1.Net4.6.1\wwwroot\angular2-app\app\app.component.js
E:\Work\dotNET\Application sample, Real-Time Data Editing\C#\Rtde.AspNetCore1.1.Net4.6.1\wwwroot\angular2-app\app\app.component.js.map
E:\Work\dotNET\Application sample, Real-Time Data Editing\C#\Rtde.AspNetCore1.1.Net4.6.1\wwwroot\angular2-app\app\products\product.js
E:\Work\dotNET\Application sample, Real-Time Data Editing\C#\Rtde.AspNetCore1.1.Net4.6.1\wwwroot\angular2-app\app\products\product.js.map
E:\Work\dotNET\Application sample, Real-Time Data Editing\C#\Rtde.AspNetCore1.1.Net4.6.1\wwwroot\angular2-app\app\products\products.service.js
E:\Work\dotNET\Application sample, Real-Time Data Editing\C#\Rtde.AspNetCore1.1.Net4.6.1\wwwroot\angular2-app\app\products\products.service.js.map
E:\Work\dotNET\Application sample, Real-Time Data Editing\C#\Rtde.AspNetCore1.1.Net4.6.1\wwwroot\angular2-app\app\products\products-signalr.service.js
E:\Work\dotNET\Application sample, Real-Time Data Editing\C#\Rtde.AspNetCore1.1.Net4.6.1\wwwroot\angular2-app\app\products\products-signalr.service.js.map
E:\Work\dotNET\Application sample, Real-Time Data Editing\C#\Rtde.AspNetCore1.1.Net4.6.1\wwwroot\angular2-app\app\products\products.component.js
E:\Work\dotNET\Application sample, Real-Time Data Editing\C#\Rtde.AspNetCore1.1.Net4.6.1\wwwroot\angular2-app\app\products\products.component.js.map
E:\Work\dotNET\Application sample, Real-Time Data Editing\C#\Rtde.AspNetCore1.1.Net4.6.1\wwwroot\angular2-app\app\app.module.js
E:\Work\dotNET\Application sample, Real-Time Data Editing\C#\Rtde.AspNetCore1.1.Net4.6.1\wwwroot\angular2-app\app\app.module.js.map
E:\Work\dotNET\Application sample, Real-Time Data Editing\C#\Rtde.AspNetCore1.1.Net4.6.1\wwwroot\angular2-app\app\main.js
E:\Work\dotNET\Application sample, Real-Time Data Editing\C#\Rtde.AspNetCore1.1.Net4.6.1\wwwroot\angular2-app\app\main.js.map
E:\Work\dotNET\Application sample, Real-Time Data Editing\C#\Rtde.AspNetCore1.1.Net4.6.1\wwwroot\angular2-app\app\app.component.js
E:\Work\dotNET\Application sample, Real-Time Data Editing\C#\Rtde.AspNetCore1.1.Net4.6.1\wwwroot\angular2-app\app\app.component.js.map
E:\Work\dotNET\Application sample, Real-Time Data Editing\C#\Rtde.AspNetCore1.1.Net4.6.1\wwwroot\angular2-app\app\products\product.js
E:\Work\dotNET\Application sample, Real-Time Data Editing\C#\Rtde.AspNetCore1.1.Net4.6.1\wwwroot\angular2-app\app\products\product.js.map
E:\Work\dotNET\Application sample, Real-Time Data Editing\C#\Rtde.AspNetCore1.1.Net4.6.1\wwwroot\angular2-app\app\products\products.service.js
E:\Work\dotNET\Application sample, Real-Time Data Editing\C#\Rtde.AspNetCore1.1.Net4.6.1\wwwroot\angular2-app\app\products\products.service.js.map
E:\Work\dotNET\Application sample, Real-Time Data Editing\C#\Rtde.AspNetCore1.1.Net4.6.1\wwwroot\angular2-app\app\products\products-signalr.service.js
E:\Work\dotNET\Application sample, Real-Time Data Editing\C#\Rtde.AspNetCore1.1.Net4.6.1\wwwroot\angular2-app\app\products\products-signalr.service.js.map
E:\Work\dotNET\Application sample, Real-Time Data Editing\C#\Rtde.AspNetCore1.1.Net4.6.1\wwwroot\angular2-app\app\products\products.component.js
E:\Work\dotNET\Application sample, Real-Time Data Editing\C#\Rtde.AspNetCore1.1.Net4.6.1\wwwroot\angular2-app\app\products\products.component.js.map
E:\Work\dotNET\Application sample, Real-Time Data Editing\C#\Rtde.AspNetCore1.1.Net4.6.1\wwwroot\angular2-app\app\app.module.js
E:\Work\dotNET\Application sample, Real-Time Data Editing\C#\Rtde.AspNetCore1.1.Net4.6.1\wwwroot\angular2-app\app\app.module.js.map
E:\Work\dotNET\Application sample, Real-Time Data Editing\C#\Rtde.AspNetCore1.1.Net4.6.1\wwwroot\angular2-app\app\main.js
E:\Work\dotNET\Application sample, Real-Time Data Editing\C#\Rtde.AspNetCore1.1.Net4.6.1\wwwroot\angular2-app\app\main.js.map
E:\Work\dotNET\Application sample, Real-Time Data Editing\C#\Rtde.AspNetCore1.1.Net4.6.1\wwwroot\angular2-app\app\app.component.js
E:\Work\dotNET\Application sample, Real-Time Data Editing\C#\Rtde.AspNetCore1.1.Net4.6.1\wwwroot\angular2-app\app\app.component.js.map
E:\Work\dotNET\Application sample, Real-Time Data Editing\C#\Rtde.AspNetCore1.1.Net4.6.1\wwwroot\angular2-app\app\products\product.js
E:\Work\dotNET\Application sample, Real-Time Data Editing\C#\Rtde.AspNetCore1.1.Net4.6.1\wwwroot\angular2-app\app\products\product.js.map
E:\Work\dotNET\Application sample, Real-Time Data Editing\C#\Rtde.AspNetCore1.1.Net4.6.1\wwwroot\angular2-app\app\products\products.service.js
E:\Work\dotNET\Application sample, Real-Time Data Editing\C#\Rtde.AspNetCore1.1.Net4.6.1\wwwroot\angular2-app\app\products\products.service.js.map
E:\Work\dotNET\Application sample, Real-Time Data Editing\C#\Rtde.AspNetCore1.1.Net4.6.1\wwwroot\angular2-app\app\products\products-signalr.service.js
E:\Work\dotNET\Application sample, Real-Time Data Editing\C#\Rtde.AspNetCore1.1.Net4.6.1\wwwroot\angular2-app\app\products\products-signalr.service.js.map
E:\Work\dotNET\Application sample, Real-Time Data Editing\C#\Rtde.AspNetCore1.1.Net4.6.1\wwwroot\angular2-app\app\products\products.component.js
E:\Work\dotNET\Application sample, Real-Time Data Editing\C#\Rtde.AspNetCore1.1.Net4.6.1\wwwroot\angular2-app\app\products\products.component.js.map
E:\Work\dotNET\Application sample, Real-Time Data Editing\C#\Rtde.AspNetCore1.1.Net4.6.1\wwwroot\angular2-app\app\app.module.js
E:\Work\dotNET\Application sample, Real-Time Data Editing\C#\Rtde.AspNetCore1.1.Net4.6.1\wwwroot\angular2-app\app\app.module.js.map
E:\Work\dotNET\Application sample, Real-Time Data Editing\C#\Rtde.AspNetCore1.1.Net4.6.1\wwwroot\angular2-app\app\main.js
E:\Work\dotNET\Application sample, Real-Time Data Editing\C#\Rtde.AspNetCore1.1.Net4.6.1\wwwroot\angular2-app\app\main.js.map
E:\Work\dotNET\Application sample, Real-Time Data Editing\C#\Rtde.AspNetCore1.1.Net4.6.1\wwwroot\angular2-app\app\app.component.js
E:\Work\dotNET\Application sample, Real-Time Data Editing\C#\Rtde.AspNetCore1.1.Net4.6.1\wwwroot\angular2-app\app\app.component.js.map
E:\Work\dotNET\Application sample, Real-Time Data Editing\C#\Rtde.AspNetCore1.1.Net4.6.1\wwwroot\angular2-app\app\products\product.js
E:\Work\dotNET\Application sample, Real-Time Data Editing\C#\Rtde.AspNetCore1.1.Net4.6.1\wwwroot\angular2-app\app\products\product.js.map
E:\Work\dotNET\Application sample, Real-Time Data Editing\C#\Rtde.AspNetCore1.1.Net4.6.1\wwwroot\angular2-app\app\products\products.service.js
E:\Work\dotNET\Application sample, Real-Time Data Editing\C#\Rtde.AspNetCore1.1.Net4.6.1\wwwroot\angular2-app\app\products\products.service.js.map
E:\Work\dotNET\Application sample, Real-Time Data Editing\C#\Rtde.AspNetCore1.1.Net4.6.1\wwwroot\angular2-app\app\products\products-signalr.service.js
E:\Work\dotNET\Application sample, Real-Time Data Editing\C#\Rtde.AspNetCore1.1.Net4.6.1\wwwroot\angular2-app\app\products\products-signalr.service.js.map
E:\Work\dotNET\Application sample, Real-Time Data Editing\C#\Rtde.AspNetCore1.1.Net4.6.1\wwwroot\angular2-app\app\products\products.component.js
E:\Work\dotNET\Application sample, Real-Time Data Editing\C#\Rtde.AspNetCore1.1.Net4.6.1\wwwroot\angular2-app\app\products\products.component.js.map
E:\Work\dotNET\Application sample, Real-Time Data Editing\C#\Rtde.AspNetCore1.1.Net4.6.1\wwwroot\angular2-app\app\app.module.js
E:\Work\dotNET\Application sample, Real-Time Data Editing\C#\Rtde.AspNetCore1.1.Net4.6.1\wwwroot\angular2-app\app\app.module.js.map
E:\Work\dotNET\Application sample, Real-Time Data Editing\C#\Rtde.AspNetCore1.1.Net4.6.1\wwwroot\angular2-app\app\main.js
E:\Work\dotNET\Application sample, Real-Time Data Editing\C#\Rtde.AspNetCore1.1.Net4.6.1\wwwroot\angular2-app\app\main.js.map
E:\Work\dotNET\Application sample, Real-Time Data Editing\C#\Rtde.AspNetCore1.1.Net4.6.1\wwwroot\angular2-app\app\app.component.js
E:\Work\dotNET\Application sample, Real-Time Data Editing\C#\Rtde.AspNetCore1.1.Net4.6.1\wwwroot\angular2-app\app\app.component.js.map
E:\Work\dotNET\Application sample, Real-Time Data Editing\C#\Rtde.AspNetCore1.1.Net4.6.1\wwwroot\angular2-app\app\products\product.js
E:\Work\dotNET\Application sample, Real-Time Data Editing\C#\Rtde.AspNetCore1.1.Net4.6.1\wwwroot\angular2-app\app\products\product.js.map
E:\Work\dotNET\Application sample, Real-Time Data Editing\C#\Rtde.AspNetCore1.1.Net4.6.1\wwwroot\angular2-app\app\products\products.service.js
E:\Work\dotNET\Application sample, Real-Time Data Editing\C#\Rtde.AspNetCore1.1.Net4.6.1\wwwroot\angular2-app\app\products\products.service.js.map
E:\Work\dotNET\Application sample, Real-Time Data Editing\C#\Rtde.AspNetCore1.1.Net4.6.1\wwwroot\angular2-app\app\products\products-signalr.service.js
E:\Work\dotNET\Application sample, Real-Time Data Editing\C#\Rtde.AspNetCore1.1.Net4.6.1\wwwroot\angular2-app\app\products\products-signalr.service.js.map
E:\Work\dotNET\Application sample, Real-Time Data Editing\C#\Rtde.AspNetCore1.1.Net4.6.1\wwwroot\angular2-app\app\products\products.component.js
E:\Work\dotNET\Application sample, Real-Time Data Editing\C#\Rtde.AspNetCore1.1.Net4.6.1\wwwroot\angular2-app\app\products\products.component.js.map
E:\Work\dotNET\Application sample, Real-Time Data Editing\C#\Rtde.AspNetCore1.1.Net4.6.1\wwwroot\angular2-app\app\app.module.js
E:\Work\dotNET\Application sample, Real-Time Data Editing\C#\Rtde.AspNetCore1.1.Net4.6.1\wwwroot\angular2-app\app\app.module.js.map
E:\Work\dotNET\Application sample, Real-Time Data Editing\C#\Rtde.AspNetCore1.1.Net4.6.1\wwwroot\angular2-app\app\main.js
E:\Work\dotNET\Application sample, Real-Time Data Editing\C#\Rtde.AspNetCore1.1.Net4.6.1\wwwroot\angular2-app\app\main.js.map
E:\Work\dotNET\Application sample, Real-Time Data Editing\C#\Rtde.AspNetCore1.1.Net4.6.1\wwwroot\angular2-app\app\app.component.js
E:\Work\dotNET\Application sample, Real-Time Data Editing\C#\Rtde.AspNetCore1.1.Net4.6.1\wwwroot\angular2-app\app\app.component.js.map
E:\Work\dotNET\Application sample, Real-Time Data Editing\C#\Rtde.AspNetCore1.1.Net4.6.1\wwwroot\angular2-app\app\products\product.js
E:\Work\dotNET\Application sample, Real-Time Data Editing\C#\Rtde.AspNetCore1.1.Net4.6.1\wwwroot\angular2-app\app\products\product.js.map
E:\Work\dotNET\Application sample, Real-Time Data Editing\C#\Rtde.AspNetCore1.1.Net4.6.1\wwwroot\angular2-app\app\products\products.service.js
E:\Work\dotNET\Application sample, Real-Time Data Editing\C#\Rtde.AspNetCore1.1.Net4.6.1\wwwroot\angular2-app\app\products\products.service.js.map
E:\Work\dotNET\Application sample, Real-Time Data Editing\C#\Rtde.AspNetCore1.1.Net4.6.1\wwwroot\angular2-app\app\products\products-signalr.service.js
E:\Work\dotNET\Application sample, Real-Time Data Editing\C#\Rtde.AspNetCore1.1.Net4.6.1\wwwroot\angular2-app\app\products\products-signalr.service.js.map
E:\Work\dotNET\Application sample, Real-Time Data Editing\C#\Rtde.AspNetCore1.1.Net4.6.1\wwwroot\angular2-app\app\products\products.component.js
E:\Work\dotNET\Application sample, Real-Time Data Editing\C#\Rtde.AspNetCore1.1.Net4.6.1\wwwroot\angular2-app\app\products\products.component.js.map
E:\Work\dotNET\Application sample, Real-Time Data Editing\C#\Rtde.AspNetCore1.1.Net4.6.1\wwwroot\angular2-app\app\app.module.js
E:\Work\dotNET\Application sample, Real-Time Data Editing\C#\Rtde.AspNetCore1.1.Net4.6.1\wwwroot\angular2-app\app\app.module.js.map
E:\Work\dotNET\Application sample, Real-Time Data Editing\C#\Rtde.AspNetCore1.1.Net4.6.1\wwwroot\angular2-app\app\main.js
E:\Work\dotNET\Application sample, Real-Time Data Editing\C#\Rtde.AspNetCore1.1.Net4.6.1\wwwroot\angular2-app\app\main.js.map
E:\Work\dotNET\Application sample, Real-Time Data Editing\C#\Rtde.AspNetCore1.1.Net4.6.1\wwwroot\angular2-app\app\app.component.js
E:\Work\dotNET\Application sample, Real-Time Data Editing\C#\Rtde.AspNetCore1.1.Net4.6.1\wwwroot\angular2-app\app\app.component.js.map
E:\Work\dotNET\Application sample, Real-Time Data Editing\C#\Rtde.AspNetCore1.1.Net4.6.1\wwwroot\angular2-app\app\products\product.js
E:\Work\dotNET\Application sample, Real-Time Data Editing\C#\Rtde.AspNetCore1.1.Net4.6.1\wwwroot\angular2-app\app\products\product.js.map
E:\Work\dotNET\Application sample, Real-Time Data Editing\C#\Rtde.AspNetCore1.1.Net4.6.1\wwwroot\angular2-app\app\products\products.service.js
E:\Work\dotNET\Application sample, Real-Time Data Editing\C#\Rtde.AspNetCore1.1.Net4.6.1\wwwroot\angular2-app\app\products\products.service.js.map
E:\Work\dotNET\Application sample, Real-Time Data Editing\C#\Rtde.AspNetCore1.1.Net4.6.1\wwwroot\angular2-app\app\products\products-signalr.service.js
E:\Work\dotNET\Application sample, Real-Time Data Editing\C#\Rtde.AspNetCore1.1.Net4.6.1\wwwroot\angular2-app\app\products\products-signalr.service.js.map
E:\Work\dotNET\Application sample, Real-Time Data Editing\C#\Rtde.AspNetCore1.1.Net4.6.1\wwwroot\angular2-app\app\products\products.component.js
E:\Work\dotNET\Application sample, Real-Time Data Editing\C#\Rtde.AspNetCore1.1.Net4.6.1\wwwroot\angular2-app\app\products\products.component.js.map
E:\Work\dotNET\Application sample, Real-Time Data Editing\C#\Rtde.AspNetCore1.1.Net4.6.1\wwwroot\angular2-app\app\app.module.js
E:\Work\dotNET\Application sample, Real-Time Data Editing\C#\Rtde.AspNetCore1.1.Net4.6.1\wwwroot\angular2-app\app\app.module.js.map
E:\Work\dotNET\Application sample, Real-Time Data Editing\C#\Rtde.AspNetCore1.1.Net4.6.1\wwwroot\angular2-app\app\main.js
E:\Work\dotNET\Application sample, Real-Time Data Editing\C#\Rtde.AspNetCore1.1.Net4.6.1\wwwroot\angular2-app\app\main.js.map
E:\Work\dotNET\Application sample, Real-Time Data Editing\C#\Rtde.AspNetCore1.1.Net4.6.1\wwwroot\angular2-app\app\app.component.js
E:\Work\dotNET\Application sample, Real-Time Data Editing\C#\Rtde.AspNetCore1.1.Net4.6.1\wwwroot\angular2-app\app\app.component.js.map
E:\Work\dotNET\Application sample, Real-Time Data Editing\C#\Rtde.AspNetCore1.1.Net4.6.1\wwwroot\angular2-app\app\products\product.js
E:\Work\dotNET\Application sample, Real-Time Data Editing\C#\Rtde.AspNetCore1.1.Net4.6.1\wwwroot\angular2-app\app\products\product.js.map
E:\Work\dotNET\Application sample, Real-Time Data Editing\C#\Rtde.AspNetCore1.1.Net4.6.1\wwwroot\angular2-app\app\products\products.service.js
E:\Work\dotNET\Application sample, Real-Time Data Editing\C#\Rtde.AspNetCore1.1.Net4.6.1\wwwroot\angular2-app\app\products\products.service.js.map
E:\Work\dotNET\Application sample, Real-Time Data Editing\C#\Rtde.AspNetCore1.1.Net4.6.1\wwwroot\angular2-app\app\products\products-signalr.service.js
E:\Work\dotNET\Application sample, Real-Time Data Editing\C#\Rtde.AspNetCore1.1.Net4.6.1\wwwroot\angular2-app\app\products\products-signalr.service.js.map
E:\Work\dotNET\Application sample, Real-Time Data Editing\C#\Rtde.AspNetCore1.1.Net4.6.1\wwwroot\angular2-app\app\products\products.component.js
E:\Work\dotNET\Application sample, Real-Time Data Editing\C#\Rtde.AspNetCore1.1.Net4.6.1\wwwroot\angular2-app\app\products\products.component.js.map
E:\Work\dotNET\Application sample, Real-Time Data Editing\C#\Rtde.AspNetCore1.1.Net4.6.1\wwwroot\angular2-app\app\app.module.js
E:\Work\dotNET\Application sample, Real-Time Data Editing\C#\Rtde.AspNetCore1.1.Net4.6.1\wwwroot\angular2-app\app\app.module.js.map
E:\Work\dotNET\Application sample, Real-Time Data Editing\C#\Rtde.AspNetCore1.1.Net4.6.1\wwwroot\angular2-app\app\main.js
E:\Work\dotNET\Application sample, Real-Time Data Editing\C#\Rtde.AspNetCore1.1.Net4.6.1\wwwroot\angular2-app\app\main.js.map
E:\Work\dotNET\Application sample, Real-Time Data Editing\C#\Rtde.AspNetCore1.1.Net4.6.1\wwwroot\angular2-app\app\app.component.js
E:\Work\dotNET\Application sample, Real-Time Data Editing\C#\Rtde.AspNetCore1.1.Net4.6.1\wwwroot\angular2-app\app\app.component.js.map
E:\Work\dotNET\Application sample, Real-Time Data Editing\C#\Rtde.AspNetCore1.1.Net4.6.1\wwwroot\angular2-app\app\products\product.js
E:\Work\dotNET\Application sample, Real-Time Data Editing\C#\Rtde.AspNetCore1.1.Net4.6.1\wwwroot\angular2-app\app\products\product.js.map
E:\Work\dotNET\Application sample, Real-Time Data Editing\C#\Rtde.AspNetCore1.1.Net4.6.1\wwwroot\angular2-app\app\products\products.service.js
E:\Work\dotNET\Application sample, Real-Time Data Editing\C#\Rtde.AspNetCore1.1.Net4.6.1\wwwroot\angular2-app\app\products\products.service.js.map
E:\Work\dotNET\Application sample, Real-Time Data Editing\C#\Rtde.AspNetCore1.1.Net4.6.1\wwwroot\angular2-app\app\products\products-signalr.service.js
E:\Work\dotNET\Application sample, Real-Time Data Editing\C#\Rtde.AspNetCore1.1.Net4.6.1\wwwroot\angular2-app\app\products\products-signalr.service.js.map
E:\Work\dotNET\Application sample, Real-Time Data Editing\C#\Rtde.AspNetCore1.1.Net4.6.1\wwwroot\angular2-app\app\products\products.component.js
E:\Work\dotNET\Application sample, Real-Time Data Editing\C#\Rtde.AspNetCore1.1.Net4.6.1\wwwroot\angular2-app\app\products\products.component.js.map
E:\Work\dotNET\Application sample, Real-Time Data Editing\C#\Rtde.AspNetCore1.1.Net4.6.1\wwwroot\angular2-app\app\app.module.js
E:\Work\dotNET\Application sample, Real-Time Data Editing\C#\Rtde.AspNetCore1.1.Net4.6.1\wwwroot\angular2-app\app\app.module.js.map
E:\Work\dotNET\Application sample, Real-Time Data Editing\C#\Rtde.AspNetCore1.1.Net4.6.1\wwwroot\angular2-app\app\main.js
E:\Work\dotNET\Application sample, Real-Time Data Editing\C#\Rtde.AspNetCore1.1.Net4.6.1\wwwroot\angular2-app\app\main.js.map
E:\Work\dotNET\Application sample, Real-Time Data Editing\C#\Rtde.AspNetCore1.1.Net4.6.1\wwwroot\angular2-app\app\app.component.js
E:\Work\dotNET\Application sample, Real-Time Data Editing\C#\Rtde.AspNetCore1.1.Net4.6.1\wwwroot\angular2-app\app\app.component.js.map
E:\Work\dotNET\Application sample, Real-Time Data Editing\C#\Rtde.AspNetCore1.1.Net4.6.1\wwwroot\angular2-app\app\products\product.js
E:\Work\dotNET\Application sample, Real-Time Data Editing\C#\Rtde.AspNetCore1.1.Net4.6.1\wwwroot\angular2-app\app\products\product.js.map
E:\Work\dotNET\Application sample, Real-Time Data Editing\C#\Rtde.AspNetCore1.1.Net4.6.1\wwwroot\angular2-app\app\products\products.service.js
E:\Work\dotNET\Application sample, Real-Time Data Editing\C#\Rtde.AspNetCore1.1.Net4.6.1\wwwroot\angular2-app\app\products\products.service.js.map
E:\Work\dotNET\Application sample, Real-Time Data Editing\C#\Rtde.AspNetCore1.1.Net4.6.1\wwwroot\angular2-app\app\products\products-signalr.service.js
E:\Work\dotNET\Application sample, Real-Time Data Editing\C#\Rtde.AspNetCore1.1.Net4.6.1\wwwroot\angular2-app\app\products\products-signalr.service.js.map
E:\Work\dotNET\Application sample, Real-Time Data Editing\C#\Rtde.AspNetCore1.1.Net4.6.1\wwwroot\angular2-app\app\products\products.component.js
E:\Work\dotNET\Application sample, Real-Time Data Editing\C#\Rtde.AspNetCore1.1.Net4.6.1\wwwroot\angular2-app\app\products\products.component.js.map
E:\Work\dotNET\Application sample, Real-Time Data Editing\C#\Rtde.AspNetCore1.1.Net4.6.1\wwwroot\angular2-app\app\app.module.js
E:\Work\dotNET\Application sample, Real-Time Data Editing\C#\Rtde.AspNetCore1.1.Net4.6.1\wwwroot\angular2-app\app\app.module.js.map
E:\Work\dotNET\Application sample, Real-Time Data Editing\C#\Rtde.AspNetCore1.1.Net4.6.1\wwwroot\angular2-app\app\main.js
E:\Work\dotNET\Application sample, Real-Time Data Editing\C#\Rtde.AspNetCore1.1.Net4.6.1\wwwroot\angular2-app\app\main.js.map
E:\Work\dotNET\Application sample, Real-Time Data Editing\C#\Rtde.AspNetCore1.1.Net4.6.1\wwwroot\angular2-app\app\app.component.js
E:\Work\dotNET\Application sample, Real-Time Data Editing\C#\Rtde.AspNetCore1.1.Net4.6.1\wwwroot\angular2-app\app\app.component.js.map
E:\Work\dotNET\Application sample, Real-Time Data Editing\C#\Rtde.AspNetCore1.1.Net4.6.1\wwwroot\angular2-app\app\products\product.js
E:\Work\dotNET\Application sample, Real-Time Data Editing\C#\Rtde.AspNetCore1.1.Net4.6.1\wwwroot\angular2-app\app\products\product.js.map
E:\Work\dotNET\Application sample, Real-Time Data Editing\C#\Rtde.AspNetCore1.1.Net4.6.1\wwwroot\angular2-app\app\products\products.service.js
E:\Work\dotNET\Application sample, Real-Time Data Editing\C#\Rtde.AspNetCore1.1.Net4.6.1\wwwroot\angular2-app\app\products\products.service.js.map
E:\Work\dotNET\Application sample, Real-Time Data Editing\C#\Rtde.AspNetCore1.1.Net4.6.1\wwwroot\angular2-app\app\products\products-signalr.service.js
E:\Work\dotNET\Application sample, Real-Time Data Editing\C#\Rtde.AspNetCore1.1.Net4.6.1\wwwroot\angular2-app\app\products\products-signalr.service.js.map
E:\Work\dotNET\Application sample, Real-Time Data Editing\C#\Rtde.AspNetCore1.1.Net4.6.1\wwwroot\angular2-app\app\products\products.component.js
E:\Work\dotNET\Application sample, Real-Time Data Editing\C#\Rtde.AspNetCore1.1.Net4.6.1\wwwroot\angular2-app\app\products\products.component.js.map
E:\Work\dotNET\Application sample, Real-Time Data Editing\C#\Rtde.AspNetCore1.1.Net4.6.1\wwwroot\angular2-app\app\app.module.js
E:\Work\dotNET\Application sample, Real-Time Data Editing\C#\Rtde.AspNetCore1.1.Net4.6.1\wwwroot\angular2-app\app\app.module.js.map
E:\Work\dotNET\Application sample, Real-Time Data Editing\C#\Rtde.AspNetCore1.1.Net4.6.1\wwwroot\angular2-app\app\main.js
E:\Work\dotNET\Application sample, Real-Time Data Editing\C#\Rtde.AspNetCore1.1.Net4.6.1\wwwroot\angular2-app\app\main.js.map
